C51 COMPILER V9.60.7.0   CODE                                                              10/18/2024 11:10:16 PAGE 1   


C51 COMPILER V9.60.7.0, COMPILATION OF MODULE CODE
OBJECT MODULE PLACED IN .\Objects\code.obj
COMPILER INVOKED BY: C:\Keil_v5\C51\BIN\C51.EXE code.c OPTIMIZE(8,SPEED) BROWSE DEBUG OBJECTEXTEND PRINT(.\Listings\code
                    -.lst) TABS(2) OBJECT(.\Objects\code.obj)

line level    source

   1          #include <reg51.h>
   2          
   3          void delay(int);
   4          
   5          void main(void){
   6   1        while(1){
   7   2          P1=0x05;
   8   2          delay(2000);
   9   2          P1=0x06;
  10   2          delay(2000);
  11   2          P1=0x0A;
  12   2          delay(2000);
  13   2          P1=0x09;
  14   2          delay(2000);
  15   2        }
  16   1      }
  17          
  18          void delay(int n){
  19   1        while(n--);
  20   1      }


MODULE INFORMATION:   STATIC OVERLAYABLE
   CODE SIZE        =     41    ----
   CONSTANT SIZE    =   ----    ----
   XDATA SIZE       =   ----    ----
   PDATA SIZE       =   ----    ----
   DATA SIZE        =   ----    ----
   IDATA SIZE       =   ----    ----
   BIT SIZE         =   ----    ----
END OF MODULE INFORMATION.


C51 COMPILATION COMPLETE.  0 WARNING(S),  0 ERROR(S)
