C51 COMPILER V9.60.7.0   CODE                                                              10/18/2024 10:52:47 PAGE 1   


C51 COMPILER V9.60.7.0, COMPILATION OF MODULE CODE
OBJECT MODULE PLACED IN .\Objects\code.obj
COMPILER INVOKED BY: C:\Keil_v5\C51\BIN\C51.EXE code.c OPTIMIZE(8,SPEED) BROWSE DEBUG OBJECTEXTEND PRINT(.\Listings\code
                    -.lst) TABS(2) OBJECT(.\Objects\code.obj)

line level    source

   1          #include <reg51.h>
   2          
   3          sbit rs = P3^0;
   4          sbit rw = P3^1;
   5          sbit en = P3^2;
   6          
   7          void lcdString(char *s);
   8          void delay(int n);
   9          void lcdCmd(char c);
  10          void lcdInit(void);
  11          void lcdData(char d);
  12          
  13          void main(void){
  14   1        lcdInit();
  15   1        lcdString("Hello");
  16   1        lcdCmd(0xC0);
  17   1        lcdString("World");
  18   1      }
  19          
  20          void delay(int n){
  21   1        while(n--);
  22   1      }
  23          
  24          void lcdCmd(char c){
  25   1        rw=0;
  26   1        delay(300);
  27   1        P2=c;
  28   1        delay(5);
  29   1        rs=0;
  30   1        en=1;
  31   1        en=0;
  32   1      }
  33          
  34          void lcdInit(void){
  35   1        P2=0;
  36   1        P3=0;
  37   1        lcdCmd(0x32);
  38   1        lcdCmd(0x0c);
  39   1        lcdCmd(0x06);
  40   1        lcdCmd(0x01);
  41   1        lcdCmd(0x82);
  42   1      }
  43          
  44          void lcdData(char d){
  45   1        rw=0;
  46   1        P2=d;
  47   1        delay(5);
  48   1        rs=1;
  49   1        en=1;
  50   1        en=0;
  51   1        delay(300);
  52   1      }
  53          
  54          void lcdString(char *c){
C51 COMPILER V9.60.7.0   CODE                                                              10/18/2024 10:52:47 PAGE 2   

  55   1        while(*c)
  56   1          lcdData(*c++);
  57   1      }


MODULE INFORMATION:   STATIC OVERLAYABLE
   CODE SIZE        =    155    ----
   CONSTANT SIZE    =     12    ----
   XDATA SIZE       =   ----    ----
   PDATA SIZE       =   ----    ----
   DATA SIZE        =   ----       3
   IDATA SIZE       =   ----    ----
   BIT SIZE         =   ----    ----
END OF MODULE INFORMATION.


C51 COMPILATION COMPLETE.  0 WARNING(S),  0 ERROR(S)
