C51 COMPILER V9.60.7.0   CODE                                                              10/18/2024 10:19:43 PAGE 1   


C51 COMPILER V9.60.7.0, COMPILATION OF MODULE CODE
OBJECT MODULE PLACED IN .\Objects\code.obj
COMPILER INVOKED BY: C:\Keil_v5\C51\BIN\C51.EXE code.c OPTIMIZE(8,SPEED) BROWSE DEBUG OBJECTEXTEND PRINT(.\Listings\code
                    -.lst) TABS(2) OBJECT(.\Objects\code.obj)

line level    source

   1          #include <reg51.h>
   2          
   3          void delay(int);
   4          
   5          void main(void){
   6   1        int i;
   7   1        
   8   1        while(1){
   9   2          for(i=0; i<255; i++)
  10   2            P0=i;
  11   2          for(i=255; i>0; i--)
  12   2            P0=i;
  13   2        }
  14   1      }
  15          
  16          void delay(int n){
  17   1        while(n--);
  18   1      }


MODULE INFORMATION:   STATIC OVERLAYABLE
   CODE SIZE        =     50    ----
   CONSTANT SIZE    =   ----    ----
   XDATA SIZE       =   ----    ----
   PDATA SIZE       =   ----    ----
   DATA SIZE        =   ----    ----
   IDATA SIZE       =   ----    ----
   BIT SIZE         =   ----    ----
END OF MODULE INFORMATION.


C51 COMPILATION COMPLETE.  0 WARNING(S),  0 ERROR(S)
