C51 COMPILER V9.60.7.0   CODE                                                              10/18/2024 10:35:49 PAGE 1   


C51 COMPILER V9.60.7.0, COMPILATION OF MODULE CODE
OBJECT MODULE PLACED IN .\Objects\code.obj
COMPILER INVOKED BY: C:\Keil_v5\C51\BIN\C51.EXE code.c OPTIMIZE(8,SPEED) BROWSE DEBUG OBJECTEXTEND PRINT(.\Listings\code
                    -.lst) TABS(2) OBJECT(.\Objects\code.obj)

line level    source

   1          #include <reg51.h>
   2          #include <math.h>
   3          
   4          void delay(int);
   5          
   6          void main(void) {
   7   1          float angle;
   8   1          int i;
   9   1      
  10   1          while (1) {
  11   2              for (i = 0; i < 360; i++) {
  12   3                  angle = (float)i * 3.14159 / 180.0;
  13   3                  P0 = (char)(128.0 + 127.0 * sin(angle));
  14   3                  delay(100);
  15   3              }
  16   2          }
  17   1      }
  18          
  19          void delay(int n) {
  20   1          while (n--);
  21   1      }


MODULE INFORMATION:   STATIC OVERLAYABLE
   CODE SIZE        =    108    ----
   CONSTANT SIZE    =   ----    ----
   XDATA SIZE       =   ----    ----
   PDATA SIZE       =   ----    ----
   DATA SIZE        =   ----       6
   IDATA SIZE       =   ----    ----
   BIT SIZE         =   ----    ----
END OF MODULE INFORMATION.


C51 COMPILATION COMPLETE.  0 WARNING(S),  0 ERROR(S)
